<?xml version="1.0" encoding="UTF-8"?>
<!-- Generated by org.testng.reporters.JUnitReportReporter -->
<testsuite skipped="0" hostname="User-PC" name="E2ETraining.NewAccountTest" tests="2" failures="0" timestamp="23 Apr 2020 13:24:27 GMT" time="47.619" errors="0">
  <testcase name="enterDetails" time="20.972" classname="E2ETraining.NewAccountTest"/>
  <testcase name="enterDetails" time="26.647" classname="E2ETraining.NewAccountTest"/>
</testsuite> <!-- E2ETraining.NewAccountTest -->
