<?xml version="1.0" encoding="UTF-8"?>
<!-- Generated by org.testng.reporters.JUnitReportReporter -->
<testsuite skipped="0" hostname="User-PC" name="E2ETraining.TextVerificationTest" tests="1" failures="0" timestamp="23 Apr 2020 13:24:27 GMT" time="0.903" errors="0">
  <testcase name="compareText" time="0.903" classname="E2ETraining.TextVerificationTest"/>
</testsuite> <!-- E2ETraining.TextVerificationTest -->
