<?xml version="1.0" encoding="UTF-8"?>
<!-- Generated by org.testng.reporters.JUnitReportReporter -->
<testsuite skipped="0" hostname="User-PC" name="E2ETraining.LoginTest" tests="1" failures="0" timestamp="23 Apr 2020 13:24:27 GMT" time="14.435" errors="0">
  <testcase name="newLogin" time="14.435" classname="E2ETraining.LoginTest"/>
</testsuite> <!-- E2ETraining.LoginTest -->
