<?xml version="1.0" encoding="UTF-8"?>
<!-- Generated by org.testng.reporters.JUnitReportReporter -->
<testsuite skipped="0" hostname="User-PC" name="E2ETraining.LandingPageTest" tests="1" failures="0" timestamp="23 Apr 2020 15:40:55 GMT" time="19.113" errors="0">
  <testcase name="launchHome" time="19.113" classname="E2ETraining.LandingPageTest"/>
</testsuite> <!-- E2ETraining.LandingPageTest -->
