<?xml version="1.0" encoding="UTF-8"?>
<!-- Generated by org.testng.reporters.JUnitReportReporter -->
<testsuite skipped="0" hostname="User-PC" name="E2ETraining.NewAccountTest" tests="2" failures="0" timestamp="23 Apr 2020 15:06:45 GMT" time="33.472" errors="0">
  <testcase name="enterDetails" time="21.555" classname="E2ETraining.NewAccountTest"/>
  <testcase name="enterDetails" time="11.917" classname="E2ETraining.NewAccountTest"/>
</testsuite> <!-- E2ETraining.NewAccountTest -->
