<?xml version="1.0" encoding="UTF-8"?>
<!-- Generated by org.testng.reporters.JUnitReportReporter -->
<testsuite skipped="0" hostname="User-PC" name="TestRunner.RunnerTest" tests="1" failures="0" timestamp="26 Apr 2020 15:17:06 GMT" time="77.619" errors="0">
  <testcase name="feature" time="77.619" classname="TestRunner.RunnerTest"/>
</testsuite> <!-- TestRunner.RunnerTest -->
